<?php return array (
  'jz_dj_room' => 1820,
  'jz_fk_bag' => '-1',
  'jz_game' => '-1',
  'jz_guestbook' => '-1',
  'jz_links' => '-1',
  'jz_list' => '-1',
  'jz_menu' => '-1',
  'jz_nav' => '-1',
  'jz_nav_cat' => '-1',
  'jz_oauth_user' => '-1',
  'jz_options' => '-1',
  'jz_order_guestbook' => '-1',
  'jz_plugins' => '-1',
  'jz_posts' => '-1',
  'jz_qun' => '-1',
  'jz_role' => '-1',
  'jz_role_user' => '-1',
  'jz_room' => '-1',
  'jz_route' => '-1',
  'jz_rule' => '-1',
  'jz_server' => '-1',
  'jz_slide' => '-1',
  'jz_slide_cat' => '-1',
  'jz_term_relationships' => '-1',
  'jz_terms' => '-1',
  'jz_user' => '-1',
  'jz_user_room' => '-1',
  'jz_user_zdcard' => '-1',
  'jz_usermachine' => '-1',
  'jz_users' => '-1',
);
?>